SF:lib/posts/repository/posts_client.g.dart
DA:10,1
DA:11,1
DA:19,0
DA:21,0
DA:25,0
DA:26,0
DA:27,0
DA:28,0
DA:29,0
DA:31,0
DA:32,0
DA:33,0
DA:34,0
DA:38,0
DA:39,0
DA:40,0
DA:41,0
DA:42,0
DA:43,0
DA:45,0
LF:20
LH:2
end_of_record
SF:lib/posts/repository/posts_client.dart
DA:9,0
LF:1
LH:0
end_of_record
SF:lib/posts/bloc/posts_bloc.dart
DA:17,4
DA:18,4
DA:19,12
DA:26,4
DA:27,4
DA:28,4
DA:29,4
DA:30,4
DA:34,3
DA:38,6
DA:40,6
DA:41,7
DA:42,2
DA:44,3
DA:45,3
DA:46,2
DA:47,3
DA:48,1
DA:49,3
DA:52,3
DA:53,3
LF:21
LH:21
end_of_record
SF:lib/posts/bloc/posts_event.dart
DA:5,0
LF:1
LH:0
end_of_record
SF:lib/posts/bloc/posts_state.dart
DA:5,18
DA:6,0
DA:10,0
DA:14,0
DA:19,3
DA:21,12
LF:6
LH:3
end_of_record
SF:lib/posts/models/post.dart
DA:9,0
DA:16,2
LF:2
LH:1
end_of_record
SF:lib/posts/models/post.g.dart
DA:9,2
DA:10,1
DA:11,1
DA:12,1
DA:13,1
DA:16,2
DA:17,1
DA:18,1
DA:19,1
DA:20,1
LF:10
LH:10
end_of_record
SF:lib/posts/repository/posts_repository.dart
DA:8,2
DA:11,1
DA:12,2
LF:3
LH:3
end_of_record
SF:lib/posts/view/posts_list.dart
DA:6,12
DA:8,3
DA:9,3
DA:15,3
DA:17,3
DA:18,9
DA:21,3
DA:23,3
DA:24,3
DA:25,3
DA:26,3
DA:29,3
DA:32,1
DA:33,1
DA:36,1
DA:37,1
DA:38,2
DA:40,2
DA:42,3
DA:43,1
DA:51,3
DA:53,3
DA:54,6
DA:55,3
DA:56,3
DA:59,1
DA:60,4
DA:63,1
DA:64,2
DA:65,3
DA:66,2
DA:67,2
LF:32
LH:32
end_of_record
SF:lib/posts/view/posts_page.dart
DA:6,2
DA:8,2
DA:10,2
DA:11,2
DA:12,2
DA:13,2
DA:14,4
DA:15,2
LF:8
LH:8
end_of_record
SF:lib/posts/widgets/bottom_loader.dart
DA:4,12
DA:6,2
LF:2
LH:2
end_of_record
SF:lib/posts/widgets/post_list_item.dart
DA:6,4
DA:10,2
DA:12,4
DA:13,2
DA:14,2
DA:15,10
DA:16,6
DA:18,6
LF:8
LH:8
end_of_record
SF:lib/logged_bloc_observer.dart
DA:8,1
DA:12,1
DA:14,1
DA:15,4
DA:18,1
DA:20,1
DA:21,4
DA:24,1
DA:26,1
DA:27,4
DA:30,1
DA:32,1
DA:33,4
LF:13
LH:13
end_of_record
SF:lib/app.dart
DA:6,1
DA:9,1
DA:13,1
DA:15,1
DA:16,1
LF:5
LH:5
end_of_record
